<?xml version="1.0" encoding="UTF-8"?>
<testng-results ignored="0" total="1" passed="1" failed="0" skipped="0">
  <reporter-output>
  </reporter-output>
  <suite started-at="2023-01-07T23:15:47 IST" name="Default suite" finished-at="2023-01-07T23:16:07 IST" duration-ms="19812">
    <groups>
    </groups>
    <test started-at="2023-01-07T23:15:47 IST" name="Default test" finished-at="2023-01-07T23:16:07 IST" duration-ms="19812">
      <class name="org.MiWay.Practice.cricbuzz">
        <test-method signature="cricbuzz()[pri:0, instance:org.MiWay.Practice.cricbuzz@d5b810e]" started-at="2023-01-07T23:15:47 IST" name="cricbuzz" finished-at="2023-01-07T23:16:07 IST" duration-ms="19780" status="PASS">
          <reporter-output>
          </reporter-output>
        </test-method> <!-- cricbuzz -->
      </class> <!-- org.MiWay.Practice.cricbuzz -->
    </test> <!-- Default test -->
  </suite> <!-- Default suite -->
</testng-results>
