<?xml version="1.0" encoding="UTF-8"?>
<testng-results ignored="0" total="1" passed="1" failed="0" skipped="0">
  <reporter-output>
  </reporter-output>
  <suite started-at="2022-09-30T11:40:09 IST" name="Default suite" finished-at="2022-09-30T11:42:15 IST" duration-ms="125637">
    <groups>
    </groups>
    <test started-at="2022-09-30T11:40:09 IST" name="Default test" finished-at="2022-09-30T11:42:15 IST" duration-ms="125637">
      <class name="org.MiWay.Practice.brokenlinks">
        <test-method signature="brokenlinks()[pri:0, instance:org.MiWay.Practice.brokenlinks@4f2b503c]" started-at="2022-09-30T11:40:09 IST" name="brokenlinks" finished-at="2022-09-30T11:42:15 IST" duration-ms="125594" status="PASS">
          <reporter-output>
          </reporter-output>
        </test-method> <!-- brokenlinks -->
      </class> <!-- org.MiWay.Practice.brokenlinks -->
    </test> <!-- Default test -->
  </suite> <!-- Default suite -->
</testng-results>
